sample/build/intermediates/manifest_merge_blame_file/debug/manifest-merger-blame-debug-report.txt
1<?xml version="1.0" encoding="utf-8"?>
2<manifest xmlns:android="http://schemas.android.com/apk/res/android"
3    xmlns:dist="http://schemas.android.com/apk/distribution"
4    package="com.smart.sample"
5    android:versionCode="1"
6    android:versionName="1.0" >
7
8    <uses-sdk
9        android:minSdkVersion="21"
9-->src/main/AndroidManifest.xml
10        android:targetSdkVersion="28" />
10-->src/main/AndroidManifest.xml
11
12    <dist:module dist:instant="true" />
12-->src/main/AndroidManifest.xml:6:5-40
12-->src/main/AndroidManifest.xml:6:18-37
13
14    <uses-permission android:name="android.permission.READ_EXTERNAL_STORAGE" />
14-->src/main/AndroidManifest.xml:8:5-80
14-->src/main/AndroidManifest.xml:8:22-77
15    <uses-permission android:name="android.permission.INTERNET" />
15-->src/main/AndroidManifest.xml:9:5-67
15-->src/main/AndroidManifest.xml:9:22-64
16    <uses-permission android:name="android.permission.CAMERA" />
16-->src/main/AndroidManifest.xml:10:5-65
16-->src/main/AndroidManifest.xml:10:22-62
17
18    <application
18-->src/main/AndroidManifest.xml:12:5-27:19
19        android:name="com.smart.sample.app.App"
19-->src/main/AndroidManifest.xml:13:9-48
20        android:allowBackup="true"
20-->src/main/AndroidManifest.xml:14:9-35
21        android:appComponentFactory="androidx.core.app.CoreComponentFactory"
21-->[androidx.core:core:1.0.0] AndroidManifest.xml:22:18-86
22        android:debuggable="true"
23        android:icon="@drawable/ic_launcher"
23-->src/main/AndroidManifest.xml:15:9-45
24        android:label="@string/app_name"
24-->src/main/AndroidManifest.xml:16:9-41
25        android:roundIcon="@drawable/ic_launcher"
25-->src/main/AndroidManifest.xml:17:9-50
26        android:supportsRtl="true"
26-->src/main/AndroidManifest.xml:18:9-35
27        android:testOnly="true"
28        android:theme="@style/AppTheme" >
28-->src/main/AndroidManifest.xml:19:9-40
29        <activity android:name="com.smart.sample.app.trend.TrendActivity" >
29-->src/main/AndroidManifest.xml:20:9-26:20
29-->src/main/AndroidManifest.xml:20:19-74
30            <intent-filter>
30-->src/main/AndroidManifest.xml:21:13-25:29
31                <action android:name="android.intent.action.MAIN" />
31-->src/main/AndroidManifest.xml:22:17-69
31-->src/main/AndroidManifest.xml:22:25-66
32
33                <category android:name="android.intent.category.LAUNCHER" />
33-->src/main/AndroidManifest.xml:24:17-77
33-->src/main/AndroidManifest.xml:24:27-74
34            </intent-filter>
35        </activity>
36
37        <meta-data
37-->[com.github.bumptech.glide:okhttp3-integration:4.10.0] AndroidManifest.xml:11:9-13:43
38            android:name="com.bumptech.glide.integration.okhttp3.OkHttpGlideModule"
38-->[com.github.bumptech.glide:okhttp3-integration:4.10.0] AndroidManifest.xml:12:13-84
39            android:value="GlideModule" />
39-->[com.github.bumptech.glide:okhttp3-integration:4.10.0] AndroidManifest.xml:13:13-40
40
41        <provider
41-->[androidx.lifecycle:lifecycle-process:2.0.0-rc01] AndroidManifest.xml:23:9-27:43
42            android:name="androidx.lifecycle.ProcessLifecycleOwnerInitializer"
42-->[androidx.lifecycle:lifecycle-process:2.0.0-rc01] AndroidManifest.xml:24:13-79
43            android:authorities="com.smart.sample.lifecycle-process"
43-->[androidx.lifecycle:lifecycle-process:2.0.0-rc01] AndroidManifest.xml:25:13-69
44            android:exported="false"
44-->[androidx.lifecycle:lifecycle-process:2.0.0-rc01] AndroidManifest.xml:26:13-37
45            android:multiprocess="true" />
45-->[androidx.lifecycle:lifecycle-process:2.0.0-rc01] AndroidManifest.xml:27:13-40
46    </application>
47
48</manifest>